{
  "stats": {
    "suites": 1,
    "tests": 1,
    "passes": 0,
    "pending": 0,
    "failures": 1,
    "start": "2024-06-18T21:35:49.028Z",
    "end": "2024-06-18T21:35:59.574Z",
    "duration": 10546,
    "testsRegistered": 1,
    "passPercent": 0,
    "pendingPercent": 0,
    "other": 0,
    "hasOther": false,
    "skipped": 0,
    "hasSkipped": false
  },
  "results": [
    {
      "uuid": "3ca69bfa-beda-4595-9c61-9b839e1d7b5e",
      "title": "",
      "fullFile": "cypress\\e2e\\sm\\T1checkBoxes.cy.js",
      "file": "cypress\\e2e\\sm\\T1checkBoxes.cy.js",
      "beforeHooks": [],
      "afterHooks": [],
      "tests": [],
      "suites": [
        {
          "uuid": "f13e23ba-04cb-43e1-9b48-f4128bd97cf4",
          "title": "Checkbox Functionality",
          "fullFile": "",
          "file": "",
          "beforeHooks": [],
          "afterHooks": [],
          "tests": [
            {
              "title": "Handling different Check boxes",
              "fullTitle": "Checkbox Functionality Handling different Check boxes",
              "timedOut": null,
              "duration": 6177,
              "state": "failed",
              "speed": null,
              "pass": false,
              "fail": true,
              "pending": false,
              "context": "\"assets/T1checkBoxes.cy.js/Checkbox Functionality -- Handling different Check boxes (failed).png\"",
              "code": "cy.visit('https://demos.jquerymobile.com/1.4.5/checkboxradio-checkbox/');\ncy.get('#checkbox-v-2aa').should('not.be.checked').check({\n  force: true\n}).should('be.checked');\ncy.get('#checkbox-v-2c').should('not.be.checked').check({\n  force: true\n}).should('be.checked');",
              "err": {
                "message": "AssertionError: Timed out retrying after 4000ms: Expected to find element: `#checkbox-v-2aa`, but never found it.",
                "estack": "AssertionError: Timed out retrying after 4000ms: Expected to find element: `#checkbox-v-2aa`, but never found it.\n    at Context.eval (webpack://cypress/./cypress/e2e/sm/T1checkBoxes.cy.js:7:34)",
                "diff": null
              },
              "uuid": "b55e3252-1278-425c-870f-e885cf75b7c5",
              "parentUUID": "f13e23ba-04cb-43e1-9b48-f4128bd97cf4",
              "isHook": false,
              "skipped": false
            }
          ],
          "suites": [],
          "passes": [],
          "failures": [
            "b55e3252-1278-425c-870f-e885cf75b7c5"
          ],
          "pending": [],
          "skipped": [],
          "duration": 6177,
          "root": false,
          "rootEmpty": false,
          "_timeout": 2000
        }
      ],
      "passes": [],
      "failures": [],
      "pending": [],
      "skipped": [],
      "duration": 0,
      "root": true,
      "rootEmpty": true,
      "_timeout": 2000
    }
  ],
  "meta": {
    "mocha": {
      "version": "7.0.1"
    },
    "mochawesome": {
      "options": {
        "quiet": true,
        "reportFilename": "mochawesome",
        "saveHtml": false,
        "saveJson": true,
        "consoleReporter": "spec",
        "useInlineDiffs": false,
        "code": true
      },
      "version": "7.1.3"
    },
    "marge": {
      "options": {
        "id": "default",
        "reportDir": "cypress/reports/mocha",
        "quiet": true,
        "overwrite": false,
        "html": false,
        "json": true
      },
      "version": "6.2.0"
    }
  }
}