{
  "stats": {
    "suites": 1,
    "tests": 4,
    "passes": 4,
    "pending": 0,
    "failures": 0,
    "start": "2024-06-18T21:35:35.760Z",
    "end": "2024-06-18T21:35:36.532Z",
    "duration": 772,
    "testsRegistered": 4,
    "passPercent": 100,
    "pendingPercent": 0,
    "other": 0,
    "hasOther": false,
    "skipped": 0,
    "hasSkipped": false
  },
  "results": [
    {
      "uuid": "019eebd2-f347-4dd2-8a41-c44d442d00eb",
      "title": "",
      "fullFile": "cypress\\e2e\\sm\\API_cypress.cy.js",
      "file": "cypress\\e2e\\sm\\API_cypress.cy.js",
      "beforeHooks": [],
      "afterHooks": [],
      "tests": [],
      "suites": [
        {
          "uuid": "925ee003-de61-4cd1-91b8-685bcde5a20e",
          "title": "API testing",
          "fullFile": "",
          "file": "",
          "beforeHooks": [],
          "afterHooks": [],
          "tests": [
            {
              "title": "GET Method",
              "fullTitle": "API testing GET Method",
              "timedOut": null,
              "duration": 161,
              "state": "passed",
              "speed": "fast",
              "pass": true,
              "fail": false,
              "pending": false,
              "context": null,
              "code": "cy.request('GET', 'https://reqres.in/api/users?page=2').then(response => {\n  expect(response.status).equal(200);\n  expect(response.body.data[0].first_name).equal('Michael');\n});",
              "err": {},
              "uuid": "9610e2f5-c313-40b9-907a-f7c08b9b4320",
              "parentUUID": "925ee003-de61-4cd1-91b8-685bcde5a20e",
              "isHook": false,
              "skipped": false
            },
            {
              "title": "POST Method",
              "fullTitle": "API testing POST Method",
              "timedOut": null,
              "duration": 157,
              "state": "passed",
              "speed": "fast",
              "pass": true,
              "fail": false,
              "pending": false,
              "context": null,
              "code": "var user = {\n  \"name\": \"morpheus\",\n  \"job\": \"leader\"\n};\ncy.request('POST', 'https://reqres.in/api/users', user).then(response => {\n  expect(response.status).equal(201);\n  expect(response.body.name).equal(user.name);\n  expect(response.body.job).equal(user.job);\n});",
              "err": {},
              "uuid": "cbcf08a6-25cf-4b00-8659-7a09e88381a0",
              "parentUUID": "925ee003-de61-4cd1-91b8-685bcde5a20e",
              "isHook": false,
              "skipped": false
            },
            {
              "title": "PUT Method",
              "fullTitle": "API testing PUT Method",
              "timedOut": null,
              "duration": 158,
              "state": "passed",
              "speed": "fast",
              "pass": true,
              "fail": false,
              "pending": false,
              "context": null,
              "code": "var user = {\n  \"name\": \"vignesh\",\n  \"job\": \"tester\"\n};\ncy.request('PUT', 'https://reqres.in/api/users/2', user).then(response => {\n  expect(response.status).equal(200);\n  expect(response.body.name).equal(user.name);\n  expect(response.body.job).equal(user.job);\n});",
              "err": {},
              "uuid": "31b19770-d086-4b88-865b-43820192f86c",
              "parentUUID": "925ee003-de61-4cd1-91b8-685bcde5a20e",
              "isHook": false,
              "skipped": false
            },
            {
              "title": "DELETE Method",
              "fullTitle": "API testing DELETE Method",
              "timedOut": null,
              "duration": 152,
              "state": "passed",
              "speed": "fast",
              "pass": true,
              "fail": false,
              "pending": false,
              "context": null,
              "code": "cy.request('DELETE', 'https://reqres.in/api/users/2').then(response => {\n  expect(response.status).equal(204);\n});",
              "err": {},
              "uuid": "cd9a6c9f-20a5-4fe5-89eb-f8a43f14eed9",
              "parentUUID": "925ee003-de61-4cd1-91b8-685bcde5a20e",
              "isHook": false,
              "skipped": false
            }
          ],
          "suites": [],
          "passes": [
            "9610e2f5-c313-40b9-907a-f7c08b9b4320",
            "cbcf08a6-25cf-4b00-8659-7a09e88381a0",
            "31b19770-d086-4b88-865b-43820192f86c",
            "cd9a6c9f-20a5-4fe5-89eb-f8a43f14eed9"
          ],
          "failures": [],
          "pending": [],
          "skipped": [],
          "duration": 628,
          "root": false,
          "rootEmpty": false,
          "_timeout": 2000
        }
      ],
      "passes": [],
      "failures": [],
      "pending": [],
      "skipped": [],
      "duration": 0,
      "root": true,
      "rootEmpty": true,
      "_timeout": 2000
    }
  ],
  "meta": {
    "mocha": {
      "version": "7.0.1"
    },
    "mochawesome": {
      "options": {
        "quiet": true,
        "reportFilename": "mochawesome",
        "saveHtml": false,
        "saveJson": true,
        "consoleReporter": "spec",
        "useInlineDiffs": false,
        "code": true
      },
      "version": "7.1.3"
    },
    "marge": {
      "options": {
        "id": "default",
        "reportDir": "cypress/reports/mocha",
        "quiet": true,
        "overwrite": false,
        "html": false,
        "json": true
      },
      "version": "6.2.0"
    }
  }
}